<?xml version="1.0" encoding="UTF-8"?>
<testsuites name="Functional Test Suites" time="42.817" tests="3" failures="0" errors="1">
   <testsuite name="Functional Test Suites" tests="3" failures="0" errors="1" time="42.817" skipped="0" timestamp="2022-03-13 12:23:18" hostname="bayuwirab - localhost" id="Test Suites/Functional Test Suites">
      <properties>
         <property name="deviceName" value=""/>
         <property name="devicePlatform" value=""/>
         <property name="logFolder" value="/Users/bayuwirab/Documents/CODE/learn-SDET/Udemy-Katalon-Studio-2020/Reports/20220313_122316/Functional Test Suites/20220313_122316"/>
         <property name="logFiles" value="/Users/bayuwirab/Documents/CODE/learn-SDET/Udemy-Katalon-Studio-2020/Reports/20220313_122316/Functional Test Suites/20220313_122316/execution0.log"/>
         <property name="attachments" value=""/>
         <property name="hostName" value="bayuwirab - localhost"/>
         <property name="os" value="Mac OS X 64bit"/>
         <property name="katalonVersion" value="8.2.5.208"/>
         <property name="browser" value="Chrome 99.0.4844.51"/>
         <property name="hostAddress" value="127.0.0.1"/>
         <property name="sessionId" value="5bea45abe49bd2723e52ab8ac7cc99f6"/>
         <property name="seleniumVersion" value="3.141.59"/>
         <property name="proxyInformation" value="ProxyInformation { proxyOption=NO_PROXY, proxyServerType=HTTP, username=, password=********, proxyServerAddress=, proxyServerPort=0, executionList=&quot;&quot;, isApplyToDesiredCapabilities=true }"/>
         <property name="platform" value="Mac OS X"/>
      </properties>
      <testcase name="Test Cases/Add Single Product to Cart" time="22.369" classname="Test Cases/Add Single Product to Cart" status="PASSED">
         <system-out><![CDATA[2022-03-13 12:23:18 - [TEST_CASE][PASSED] - Test Cases/Add Single Product to Cart: Test Cases/Add Single Product to Cart

2022-03-13 12:23:18 - [TEST_STEP][PASSED] - openBrowser(""): Browser is opened with url: ''

2022-03-13 12:23:18 - [MESSAGE][INFO] - Starting 'Chrome' driver

2022-03-13 12:23:18 - [MESSAGE][INFO] - Action delay is set to 0 milliseconds

2022-03-13 12:23:21 - [MESSAGE][PASSED] - Browser is opened with url: ''

2022-03-13 12:23:21 - [TEST_STEP][PASSED] - maximizeWindow(): Current window maximized

2022-03-13 12:23:21 - [MESSAGE][PASSED] - Current window maximized

2022-03-13 12:23:21 - [TEST_STEP][PASSED] - navigateToUrl("http://automationpractice.com/"): Navigate to 'http://automationpractice.com/' successfully

2022-03-13 12:23:29 - [MESSAGE][PASSED] - Navigate to 'http://automationpractice.com/' successfully

2022-03-13 12:23:29 - [TEST_STEP][PASSED] - click(findTestObject("Home Page/Product Segment/a_Product Blouses")): Object: 'Object Repository/Home Page/Product Segment/a_Product Blouses' is clicked on

2022-03-13 12:23:30 - [MESSAGE][PASSED] - Object: 'Object Repository/Home Page/Product Segment/a_Product Blouses' is clicked on

2022-03-13 12:23:30 - [TEST_STEP][PASSED] - selectOptionByLabel(findTestObject("Product Detail Page/select_Product Size"), "L", false): All options with label 'L' are selected in object 'Object Repository/Product Detail Page/select_Product Size' 

2022-03-13 12:23:32 - [MESSAGE][PASSED] - All options with label 'L' are selected in object 'Object Repository/Product Detail Page/select_Product Size' 

2022-03-13 12:23:32 - [TEST_STEP][PASSED] - click(findTestObject("Product Detail Page/button_Add to cart")): Object: 'Object Repository/Product Detail Page/button_Add to cart' is clicked on

2022-03-13 12:23:33 - [MESSAGE][PASSED] - Object: 'Object Repository/Product Detail Page/button_Add to cart' is clicked on

2022-03-13 12:23:33 - [TEST_STEP][PASSED] - waitForElementVisible(findTestObject("Product Detail Page/button_Proceed to checkout"), 3): Object 'Object Repository/Product Detail Page/button_Proceed to checkout' is visible

2022-03-13 12:23:34 - [MESSAGE][PASSED] - Object 'Object Repository/Product Detail Page/button_Proceed to checkout' is visible

2022-03-13 12:23:34 - [TEST_STEP][PASSED] - click(findTestObject("Product Detail Page/button_Proceed to checkout")): Object: 'Object Repository/Product Detail Page/button_Proceed to checkout' is clicked on

2022-03-13 12:23:37 - [MESSAGE][PASSED] - Object: 'Object Repository/Product Detail Page/button_Proceed to checkout' is clicked on

2022-03-13 12:23:37 - [TEST_STEP][PASSED] - verifyElementText(findTestObject("Order Detail Page/span_Summary Product"), "1 Product"): Actual text and expected text of test object 'Object Repository/Order Detail Page/span_Summary Product' are matched.

2022-03-13 12:23:37 - [MESSAGE][PASSED] - Actual text and expected text of test object 'Object Repository/Order Detail Page/span_Summary Product' are matched.

2022-03-13 12:23:37 - [TEST_STEP][PASSED] - delay(3): Delayed 3 second(s)

2022-03-13 12:23:40 - [MESSAGE][PASSED] - Delayed 3 second(s)

2022-03-13 12:23:40 - [TEST_STEP][PASSED] - closeBrowser(): Browser is closed

2022-03-13 12:23:40 - [MESSAGE][PASSED] - Browser is closed]]></system-out>
         <system-err><![CDATA[]]></system-err>
      </testcase>
      <testcase name="Test Cases/Login Manual Mode" time="1.683" classname="Test Cases/Login Manual Mode" status="ERROR">
         <error type="ERROR" message="Test Cases/Login Manual Mode FAILED.
Reason:
groovy.lang.MissingPropertyException: No such property: TestAutomationUrl for class: internal.GlobalVariable
	at Login Manual Mode.run(Login Manual Mode:22)
	at com.kms.katalon.core.main.ScriptEngine.run(ScriptEngine.java:194)
	at com.kms.katalon.core.main.ScriptEngine.runScriptAsRawText(ScriptEngine.java:119)
	at com.kms.katalon.core.main.TestCaseExecutor.runScript(TestCaseExecutor.java:442)
	at com.kms.katalon.core.main.TestCaseExecutor.doExecute(TestCaseExecutor.java:433)
	at com.kms.katalon.core.main.TestCaseExecutor.processExecutionPhase(TestCaseExecutor.java:412)
	at com.kms.katalon.core.main.TestCaseExecutor.accessMainPhase(TestCaseExecutor.java:404)
	at com.kms.katalon.core.main.TestCaseExecutor.execute(TestCaseExecutor.java:281)
	at com.kms.katalon.core.main.TestCaseExecutor.execute(TestCaseExecutor.java:363)
	at com.kms.katalon.core.main.TestCaseExecutor.execute(TestCaseExecutor.java:363)
	at com.kms.katalon.core.main.TestSuiteExecutor.accessTestCaseMainPhase(TestSuiteExecutor.java:202)
	at com.kms.katalon.core.main.TestSuiteExecutor.accessTestSuiteMainPhase(TestSuiteExecutor.java:164)
	at com.kms.katalon.core.main.TestSuiteExecutor.execute(TestSuiteExecutor.java:105)
	at com.kms.katalon.core.main.TestCaseMain.startTestSuite(TestCaseMain.java:185)
	at com.kms.katalon.core.main.TestCaseMain$startTestSuite$0.call(Unknown Source)
	at TempTestSuite1647145396298.run(TempTestSuite1647145396298.groovy:36)
"/>
         <system-out><![CDATA[2022-03-13 12:23:44 - [TEST_CASE][ERROR] - Test Cases/Login Manual Mode: Test Cases/Login Manual Mode FAILED.
Reason:
groovy.lang.MissingPropertyException: No such property: TestAutomationUrl for class: internal.GlobalVariable
	at Login Manual Mode.run(Login Manual Mode:22)
	at com.kms.katalon.core.main.ScriptEngine.run(ScriptEngine.java:194)
	at com.kms.katalon.core.main.ScriptEngine.runScriptAsRawText(ScriptEngine.java:119)
	at com.kms.katalon.core.main.TestCaseExecutor.runScript(TestCaseExecutor.java:442)
	at com.kms.katalon.core.main.TestCaseExecutor.doExecute(TestCaseExecutor.java:433)
	at com.kms.katalon.core.main.TestCaseExecutor.processExecutionPhase(TestCaseExecutor.java:412)
	at com.kms.katalon.core.main.TestCaseExecutor.accessMainPhase(TestCaseExecutor.java:404)
	at com.kms.katalon.core.main.TestCaseExecutor.execute(TestCaseExecutor.java:281)
	at com.kms.katalon.core.main.TestCaseExecutor.execute(TestCaseExecutor.java:363)
	at com.kms.katalon.core.main.TestCaseExecutor.execute(TestCaseExecutor.java:363)
	at com.kms.katalon.core.main.TestSuiteExecutor.accessTestCaseMainPhase(TestSuiteExecutor.java:202)
	at com.kms.katalon.core.main.TestSuiteExecutor.accessTestSuiteMainPhase(TestSuiteExecutor.java:164)
	at com.kms.katalon.core.main.TestSuiteExecutor.execute(TestSuiteExecutor.java:105)
	at com.kms.katalon.core.main.TestCaseMain.startTestSuite(TestCaseMain.java:185)
	at com.kms.katalon.core.main.TestCaseMain$startTestSuite$0.call(Unknown Source)
	at TempTestSuite1647145396298.run(TempTestSuite1647145396298.groovy:36)


2022-03-13 12:23:44 - [TEST_STEP][PASSED] - openBrowser(""): Browser is opened with url: ''

2022-03-13 12:23:44 - [MESSAGE][WARNING] - A browser is already opened. Closing browser and opening a new one

2022-03-13 12:23:44 - [MESSAGE][INFO] - Starting 'Chrome' driver

2022-03-13 12:23:44 - [MESSAGE][INFO] - Action delay is set to 0 milliseconds

2022-03-13 12:23:45 - [MESSAGE][PASSED] - Browser is opened with url: ''

2022-03-13 12:23:46 - [TEST_STEP][ERROR] - navigateToUrl(TestAutomationUrl): Test Cases/Login Manual Mode FAILED.
Reason:
groovy.lang.MissingPropertyException: No such property: TestAutomationUrl for class: internal.GlobalVariable
	at Login Manual Mode.run(Login Manual Mode:22)
	at com.kms.katalon.core.main.ScriptEngine.run(ScriptEngine.java:194)
	at com.kms.katalon.core.main.ScriptEngine.runScriptAsRawText(ScriptEngine.java:119)
	at com.kms.katalon.core.main.TestCaseExecutor.runScript(TestCaseExecutor.java:442)
	at com.kms.katalon.core.main.TestCaseExecutor.doExecute(TestCaseExecutor.java:433)
	at com.kms.katalon.core.main.TestCaseExecutor.processExecutionPhase(TestCaseExecutor.java:412)
	at com.kms.katalon.core.main.TestCaseExecutor.accessMainPhase(TestCaseExecutor.java:404)
	at com.kms.katalon.core.main.TestCaseExecutor.execute(TestCaseExecutor.java:281)
	at com.kms.katalon.core.main.TestCaseExecutor.execute(TestCaseExecutor.java:363)
	at com.kms.katalon.core.main.TestCaseExecutor.execute(TestCaseExecutor.java:363)
	at com.kms.katalon.core.main.TestSuiteExecutor.accessTestCaseMainPhase(TestSuiteExecutor.java:202)
	at com.kms.katalon.core.main.TestSuiteExecutor.accessTestSuiteMainPhase(TestSuiteExecutor.java:164)
	at com.kms.katalon.core.main.TestSuiteExecutor.execute(TestSuiteExecutor.java:105)
	at com.kms.katalon.core.main.TestCaseMain.startTestSuite(TestCaseMain.java:185)
	at com.kms.katalon.core.main.TestCaseMain$startTestSuite$0.call(Unknown Source)
	at TempTestSuite1647145396298.run(TempTestSuite1647145396298.groovy:36)


2022-03-13 12:23:46 - [MESSAGE][ERROR] - Test Cases/Login Manual Mode FAILED.
Reason:
groovy.lang.MissingPropertyException: No such property: TestAutomationUrl for class: internal.GlobalVariable
	at Login Manual Mode.run(Login Manual Mode:22)
	at com.kms.katalon.core.main.ScriptEngine.run(ScriptEngine.java:194)
	at com.kms.katalon.core.main.ScriptEngine.runScriptAsRawText(ScriptEngine.java:119)
	at com.kms.katalon.core.main.TestCaseExecutor.runScript(TestCaseExecutor.java:442)
	at com.kms.katalon.core.main.TestCaseExecutor.doExecute(TestCaseExecutor.java:433)
	at com.kms.katalon.core.main.TestCaseExecutor.processExecutionPhase(TestCaseExecutor.java:412)
	at com.kms.katalon.core.main.TestCaseExecutor.accessMainPhase(TestCaseExecutor.java:404)
	at com.kms.katalon.core.main.TestCaseExecutor.execute(TestCaseExecutor.java:281)
	at com.kms.katalon.core.main.TestCaseExecutor.execute(TestCaseExecutor.java:363)
	at com.kms.katalon.core.main.TestCaseExecutor.execute(TestCaseExecutor.java:363)
	at com.kms.katalon.core.main.TestSuiteExecutor.accessTestCaseMainPhase(TestSuiteExecutor.java:202)
	at com.kms.katalon.core.main.TestSuiteExecutor.accessTestSuiteMainPhase(TestSuiteExecutor.java:164)
	at com.kms.katalon.core.main.TestSuiteExecutor.execute(TestSuiteExecutor.java:105)
	at com.kms.katalon.core.main.TestCaseMain.startTestSuite(TestCaseMain.java:185)
	at com.kms.katalon.core.main.TestCaseMain$startTestSuite$0.call(Unknown Source)
	at TempTestSuite1647145396298.run(TempTestSuite1647145396298.groovy:36)]]></system-out>
         <system-err><![CDATA[2022-03-13 12:23:44 - [TEST_CASE][ERROR] - Test Cases/Login Manual Mode: Test Cases/Login Manual Mode FAILED.
Reason:
groovy.lang.MissingPropertyException: No such property: TestAutomationUrl for class: internal.GlobalVariable
	at Login Manual Mode.run(Login Manual Mode:22)
	at com.kms.katalon.core.main.ScriptEngine.run(ScriptEngine.java:194)
	at com.kms.katalon.core.main.ScriptEngine.runScriptAsRawText(ScriptEngine.java:119)
	at com.kms.katalon.core.main.TestCaseExecutor.runScript(TestCaseExecutor.java:442)
	at com.kms.katalon.core.main.TestCaseExecutor.doExecute(TestCaseExecutor.java:433)
	at com.kms.katalon.core.main.TestCaseExecutor.processExecutionPhase(TestCaseExecutor.java:412)
	at com.kms.katalon.core.main.TestCaseExecutor.accessMainPhase(TestCaseExecutor.java:404)
	at com.kms.katalon.core.main.TestCaseExecutor.execute(TestCaseExecutor.java:281)
	at com.kms.katalon.core.main.TestCaseExecutor.execute(TestCaseExecutor.java:363)
	at com.kms.katalon.core.main.TestCaseExecutor.execute(TestCaseExecutor.java:363)
	at com.kms.katalon.core.main.TestSuiteExecutor.accessTestCaseMainPhase(TestSuiteExecutor.java:202)
	at com.kms.katalon.core.main.TestSuiteExecutor.accessTestSuiteMainPhase(TestSuiteExecutor.java:164)
	at com.kms.katalon.core.main.TestSuiteExecutor.execute(TestSuiteExecutor.java:105)
	at com.kms.katalon.core.main.TestCaseMain.startTestSuite(TestCaseMain.java:185)
	at com.kms.katalon.core.main.TestCaseMain$startTestSuite$0.call(Unknown Source)
	at TempTestSuite1647145396298.run(TempTestSuite1647145396298.groovy:36)]]></system-err>
      </testcase>
      <testcase name="Test Cases/Test Click Contact Us" time="14.934" classname="Test Cases/Test Click Contact Us" status="PASSED">
         <system-out><![CDATA[2022-03-13 12:23:46 - [TEST_CASE][PASSED] - Test Cases/Test Click Contact Us: Test Cases/Test Click Contact Us

2022-03-13 12:23:46 - [TEST_STEP][PASSED] - openBrowser(""): Browser is opened with url: ''

2022-03-13 12:23:46 - [MESSAGE][WARNING] - A browser is already opened. Closing browser and opening a new one

2022-03-13 12:23:46 - [MESSAGE][INFO] - Starting 'Chrome' driver

2022-03-13 12:23:46 - [MESSAGE][INFO] - Action delay is set to 0 milliseconds

2022-03-13 12:23:47 - [MESSAGE][PASSED] - Browser is opened with url: ''

2022-03-13 12:23:47 - [TEST_STEP][PASSED] - navigateToUrl("http://automationpractice.com/"): Navigate to 'http://automationpractice.com/' successfully

2022-03-13 12:23:55 - [MESSAGE][PASSED] - Navigate to 'http://automationpractice.com/' successfully

2022-03-13 12:23:55 - [TEST_STEP][PASSED] - click(findTestObject("Manual_Object_Locator/button_contanct_us")): Object: 'Object Repository/Manual_Object_Locator/button_contanct_us' is clicked on

2022-03-13 12:23:57 - [MESSAGE][PASSED] - Object: 'Object Repository/Manual_Object_Locator/button_contanct_us' is clicked on

2022-03-13 12:23:57 - [TEST_STEP][PASSED] - delay(3): Delayed 3 second(s)

2022-03-13 12:24:00 - [MESSAGE][PASSED] - Delayed 3 second(s)

2022-03-13 12:24:00 - [TEST_STEP][PASSED] - closeBrowser(): Browser is closed

2022-03-13 12:24:01 - [MESSAGE][PASSED] - Browser is closed]]></system-out>
         <system-err><![CDATA[]]></system-err>
      </testcase>
      <system-out><![CDATA[2022-03-13 12:23:18 - [TEST_SUITE][ERROR] - Functional Test Suites: Test Cases/Login Manual Mode FAILED.
Reason:
groovy.lang.MissingPropertyException: No such property: TestAutomationUrl for class: internal.GlobalVariable
	at Login Manual Mode.run(Login Manual Mode:22)
	at com.kms.katalon.core.main.ScriptEngine.run(ScriptEngine.java:194)
	at com.kms.katalon.core.main.ScriptEngine.runScriptAsRawText(ScriptEngine.java:119)
	at com.kms.katalon.core.main.TestCaseExecutor.runScript(TestCaseExecutor.java:442)
	at com.kms.katalon.core.main.TestCaseExecutor.doExecute(TestCaseExecutor.java:433)
	at com.kms.katalon.core.main.TestCaseExecutor.processExecutionPhase(TestCaseExecutor.java:412)
	at com.kms.katalon.core.main.TestCaseExecutor.accessMainPhase(TestCaseExecutor.java:404)
	at com.kms.katalon.core.main.TestCaseExecutor.execute(TestCaseExecutor.java:281)
	at com.kms.katalon.core.main.TestSuiteExecutor.accessTestCaseMainPhase(TestSuiteExecutor.java:202)
	at com.kms.katalon.core.main.TestSuiteExecutor.accessTestSuiteMainPhase(TestSuiteExecutor.java:164)
	at com.kms.katalon.core.main.TestSuiteExecutor.execute(TestSuiteExecutor.java:105)
	at com.kms.katalon.core.main.TestCaseMain.startTestSuite(TestCaseMain.java:185)
	at com.kms.katalon.core.main.TestCaseMain$startTestSuite$0.call(Unknown Source)
	at TempTestSuite1647145396298.run(TempTestSuite1647145396298.groovy:36)]]></system-out>
      <system-err><![CDATA[2022-03-13 12:23:18 - [TEST_SUITE][ERROR] - Functional Test Suites: Test Cases/Login Manual Mode FAILED.
Reason:
groovy.lang.MissingPropertyException: No such property: TestAutomationUrl for class: internal.GlobalVariable
	at Login Manual Mode.run(Login Manual Mode:22)
	at com.kms.katalon.core.main.ScriptEngine.run(ScriptEngine.java:194)
	at com.kms.katalon.core.main.ScriptEngine.runScriptAsRawText(ScriptEngine.java:119)
	at com.kms.katalon.core.main.TestCaseExecutor.runScript(TestCaseExecutor.java:442)
	at com.kms.katalon.core.main.TestCaseExecutor.doExecute(TestCaseExecutor.java:433)
	at com.kms.katalon.core.main.TestCaseExecutor.processExecutionPhase(TestCaseExecutor.java:412)
	at com.kms.katalon.core.main.TestCaseExecutor.accessMainPhase(TestCaseExecutor.java:404)
	at com.kms.katalon.core.main.TestCaseExecutor.execute(TestCaseExecutor.java:281)
	at com.kms.katalon.core.main.TestSuiteExecutor.accessTestCaseMainPhase(TestSuiteExecutor.java:202)
	at com.kms.katalon.core.main.TestSuiteExecutor.accessTestSuiteMainPhase(TestSuiteExecutor.java:164)
	at com.kms.katalon.core.main.TestSuiteExecutor.execute(TestSuiteExecutor.java:105)
	at com.kms.katalon.core.main.TestCaseMain.startTestSuite(TestCaseMain.java:185)
	at com.kms.katalon.core.main.TestCaseMain$startTestSuite$0.call(Unknown Source)
	at TempTestSuite1647145396298.run(TempTestSuite1647145396298.groovy:36)]]></system-err>
   </testsuite>
</testsuites>
